./frontend/rv_decode.v:10: ERROR: Module port `\flush_1' is neither input nor output.
ERROR conda.cli.main_run:execute(148): `conda run yosys -s yosys_synth.tcl` failed. (See above for error)

 /----------------------------------------------------------------------------\
 |                                                                            |
 |  yosys -- Yosys Open SYnthesis Suite                                       |
 |                                                                            |
 |  Copyright (C) 2012 - 2020  Claire Xenia Wolf <claire@yosyshq.com>         |
 |                                                                            |
 |  Permission to use, copy, modify, and/or distribute this software for any  |
 |  purpose with or without fee is hereby granted, provided that the above    |
 |  copyright notice and this permission notice appear in all copies.         |
 |                                                                            |
 |  THE SOFTWARE IS PROVIDED "AS IS" AND THE AUTHOR DISCLAIMS ALL WARRANTIES  |
 |  WITH REGARD TO THIS SOFTWARE INCLUDING ALL IMPLIED WARRANTIES OF          |
 |  MERCHANTABILITY AND FITNESS. IN NO EVENT SHALL THE AUTHOR BE LIABLE FOR   |
 |  ANY SPECIAL, DIRECT, INDIRECT, OR CONSEQUENTIAL DAMAGES OR ANY DAMAGES    |
 |  WHATSOEVER RESULTING FROM LOSS OF USE, DATA OR PROFITS, WHETHER IN AN     |
 |  ACTION OF CONTRACT, NEGLIGENCE OR OTHER TORTIOUS ACTION, ARISING OUT OF   |
 |  OR IN CONNECTION WITH THE USE OR PERFORMANCE OF THIS SOFTWARE.            |
 |                                                                            |
 \----------------------------------------------------------------------------/

 Yosys 0.33 (git sha1 2584903a060)


-- Executing script file `yosys_synth.tcl' --

1. Executing Verilog-2005 frontend: ./common/cdc_sync.v
Parsing SystemVerilog input from `./common/cdc_sync.v' to AST representation.
Generating RTLIL representation for module `\cdc_sync'.
Warning: Replacing memory \sync_ff with list of registers. See ./common/cdc_sync.v:18
Successfully finished Verilog frontend.

2. Executing Verilog-2005 frontend: ./common/fifo_async.v
Parsing SystemVerilog input from `./common/fifo_async.v' to AST representation.
Generating RTLIL representation for module `\fifo_async'.
Warning: Replacing memory \mem with list of registers. See ./common/fifo_async.v:60
Successfully finished Verilog frontend.

3. Executing Verilog-2005 frontend: ./common/fifo_sync.v
Parsing SystemVerilog input from `./common/fifo_sync.v' to AST representation.
Generating RTLIL representation for module `\fifo_sync'.
Warning: Replacing memory \mem with list of registers. See ./common/fifo_sync.v:32
Successfully finished Verilog frontend.

4. Executing Verilog-2005 frontend: ./common/interfaces.sv
Parsing SystemVerilog input from `./common/interfaces.sv' to AST representation.
Generating RTLIL representation for module `\axi4_if'.
Generating RTLIL representation for module `\axi4_stream_if'.
Generating RTLIL representation for module `\apb_if'.
Successfully finished Verilog frontend.

5. Executing Verilog-2005 frontend: ./common/reset_sync.v
Parsing SystemVerilog input from `./common/reset_sync.v' to AST representation.
Generating RTLIL representation for module `\reset_sync'.
Successfully finished Verilog frontend.

6. Executing Verilog-2005 frontend: ./backend/clint.v
Parsing SystemVerilog input from `./backend/clint.v' to AST representation.
Generating RTLIL representation for module `\clint'.
Warning: Replacing memory \mtimecmp with list of registers. See ./backend/clint.v:56
Successfully finished Verilog frontend.

7. Executing Verilog-2005 frontend: ./backend/plic.v
Parsing SystemVerilog input from `./backend/plic.v' to AST representation.
Generating RTLIL representation for module `\plic'.
Warning: Replacing memory \claim with list of registers. See ./backend/plic.v:77
Warning: Replacing memory \threshold with list of registers. See ./backend/plic.v:76
Warning: Replacing memory \enable with list of registers. See ./backend/plic.v:75
Warning: Replacing memory \priority_reg with list of registers. See ./backend/plic.v:73
Warning: Replacing memory \best_prio with list of registers. See ./backend/plic.v:61, ./backend/plic.v:57
Warning: Replacing memory \best_src with list of registers. See ./backend/plic.v:66, ./backend/plic.v:56
Successfully finished Verilog frontend.

8. Executing Verilog-2005 frontend: ./backend/rv_core_top.v
Parsing SystemVerilog input from `./backend/rv_core_top.v' to AST representation.
Generating RTLIL representation for module `\rv_core_top'.
Successfully finished Verilog frontend.

9. Executing Verilog-2005 frontend: ./backend/rv_execute.v
Parsing SystemVerilog input from `./backend/rv_execute.v' to AST representation.
Generating RTLIL representation for module `\rv_execute'.
Successfully finished Verilog frontend.

10. Executing Verilog-2005 frontend: ./backend/rv_fpu.v
Parsing SystemVerilog input from `./backend/rv_fpu.v' to AST representation.
Generating RTLIL representation for module `\rv_fpu'.
Successfully finished Verilog frontend.

11. Executing Verilog-2005 frontend: ./backend/rv_mem.v
Parsing SystemVerilog input from `./backend/rv_mem.v' to AST representation.
Generating RTLIL representation for module `\rv_mem'.
Successfully finished Verilog frontend.

12. Executing Verilog-2005 frontend: ./backend/rv_mmu.v
Parsing SystemVerilog input from `./backend/rv_mmu.v' to AST representation.
Generating RTLIL representation for module `\rv_mmu'.
Successfully finished Verilog frontend.

13. Executing Verilog-2005 frontend: ./backend/rv_monitor_core.v
Parsing SystemVerilog input from `./backend/rv_monitor_core.v' to AST representation.
Generating RTLIL representation for module `\rv_monitor_core'.
Successfully finished Verilog frontend.

14. Executing Verilog-2005 frontend: ./backend/rv_pmp.v
Parsing SystemVerilog input from `./backend/rv_pmp.v' to AST representation.
Generating RTLIL representation for module `\rv_pmp'.
Successfully finished Verilog frontend.

15. Executing Verilog-2005 frontend: ./backend/rv_ptw.v
Parsing SystemVerilog input from `./backend/rv_ptw.v' to AST representation.
Generating RTLIL representation for module `\rv_ptw'.
Successfully finished Verilog frontend.

16. Executing Verilog-2005 frontend: ./backend/rv_tlb.v
Parsing SystemVerilog input from `./backend/rv_tlb.v' to AST representation.
Generating RTLIL representation for module `\rv_tlb'.
Warning: Replacing memory \tlb_level with list of registers. See ./backend/rv_tlb.v:208
Warning: Replacing memory \tlb_perm with list of registers. See ./backend/rv_tlb.v:207
Warning: Replacing memory \tlb_ppn with list of registers. See ./backend/rv_tlb.v:206
Warning: Replacing memory \tlb_vpn with list of registers. See ./backend/rv_tlb.v:205
Warning: Replacing memory \tlb_asid with list of registers. See ./backend/rv_tlb.v:204
Warning: Replacing memory \tlb_global with list of registers. See ./backend/rv_tlb.v:173
Warning: Replacing memory \tlb_valid with list of registers. See ./backend/rv_tlb.v:172
Warning: Replacing memory \tlb_plru with list of registers. See ./backend/rv_tlb.v:170
Successfully finished Verilog frontend.

17. Executing Verilog-2005 frontend: ./backend/rv_writeback.v
Parsing SystemVerilog input from `./backend/rv_writeback.v' to AST representation.
Generating RTLIL representation for module `\rv_writeback'.
Successfully finished Verilog frontend.

18. Executing Verilog-2005 frontend: ./frontend/rv_bpu.v
Parsing SystemVerilog input from `./frontend/rv_bpu.v' to AST representation.
Generating RTLIL representation for module `\rv_bpu'.
Warning: Replacing memory \btb_target with list of registers. See ./frontend/rv_bpu.v:180
Warning: Replacing memory \btb_tag with list of registers. See ./frontend/rv_bpu.v:179
Warning: Replacing memory \btb_valid with list of registers. See ./frontend/rv_bpu.v:138
Warning: Replacing memory \bht_meta with list of registers. See ./frontend/rv_bpu.v:136
Warning: Replacing memory \bht_global with list of registers. See ./frontend/rv_bpu.v:134
Warning: Replacing memory \bht_local with list of registers. See ./frontend/rv_bpu.v:132
Successfully finished Verilog frontend.

19. Executing Verilog-2005 frontend: ./frontend/rv_decode.v
