OpenSTA 2.3.1 4f13a213e1 Copyright (c) 2021, Parallax Software, Inc.
License GPLv3: GNU GPL version 3 <http://gnu.org/licenses/gpl.html>

This is free software, and you are free to change and redistribute it
under certain conditions; type `show_copying' for details. 
This program comes with ABSOLUTELY NO WARRANTY; for details type `show_warranty'.
Warning: /home/anupam-sarashwat/titan_x_netlist.v line 11895, module rv_dcache not found. Creating black box for u_dcache.
Warning: /home/anupam-sarashwat/titan_x_netlist.v line 11948, module rv_icache not found. Creating black box for u_icache.
Warning: titan_x.sdc line 7, set_input_delay relative to a clock defined on the same port/pin not allowed.
Startpoint: _2839_ (rising edge-triggered flip-flop clocked by clk)
Endpoint: _2888_ (rising edge-triggered flip-flop clocked by clk)
Path Group: clk
Path Type: max

  Delay    Time   Description
---------------------------------------------------------
   0.00    0.00   clock clk (rise edge)
   0.00    0.00   clock network delay (ideal)
   0.00    0.00 ^ _2839_/CLK (DFFSR)
   1.18    1.18 ^ _2839_/Q (DFFSR)
   1.51    2.69 v _1381_/Y (INVX1)
   0.39    3.09 ^ _1404_/Y (NAND3X1)
   1.73    4.82 ^ _1405_/Y (OR2X1)
   5.47   10.28 v _1406_/Y (INVX1)
   1.02   11.30 ^ _2480_/Y (NAND3X1)
   0.06   11.36 v _2481_/Y (INVX1)
   0.00   11.36 v _2888_/D (DFFSR)
          11.36   data arrival time

   5.00    5.00   clock clk (rise edge)
   0.00    5.00   clock network delay (ideal)
   0.00    5.00   clock reconvergence pessimism
           5.00 ^ _2888_/CLK (DFFSR)
  -0.10    4.90   library setup time
           4.90   data required time
---------------------------------------------------------
           4.90   data required time
         -11.36   data arrival time
---------------------------------------------------------
          -6.45   slack (VIOLATED)


Startpoint: _2900_ (rising edge-triggered flip-flop clocked by clk)
Endpoint: _2899_ (rising edge-triggered flip-flop clocked by clk)
Path Group: clk
Path Type: min

  Delay    Time   Description
---------------------------------------------------------
   0.00    0.00   clock clk (rise edge)
   0.00    0.00   clock network delay (ideal)
   0.00    0.00 ^ _2900_/CLK (DFFSR)
   0.22    0.22 ^ _2900_/Q (DFFSR)
   0.00    0.22 ^ _2899_/D (DFFSR)
           0.22   data arrival time

   0.00    0.00   clock clk (rise edge)
   0.00    0.00   clock network delay (ideal)
   0.00    0.00   clock reconvergence pessimism
           0.00 ^ _2899_/CLK (DFFSR)
   0.01    0.01   library hold time
           0.01   data required time
---------------------------------------------------------
           0.01   data required time
          -0.22   data arrival time
---------------------------------------------------------
           0.21   slack (MET)


tns -747.39
wns -6.45
